<?xml version="1.0" encoding="UTF-8"?>
<!-- Generated by org.testng.reporters.JUnitReportReporter -->
<testsuite hostname="QT-INBG-LT0774" failures="0" tests="1" name="MobScript.Signups" time="18.062" errors="0" timestamp="2022-09-16T19:14:06 IST" skipped="0">
  <testcase classname="MobScript.Signups" name="sign" time="18.062"/>
  <system-out/>
</testsuite> <!-- MobScript.Signups -->
